<?xml version="1.0" encoding="UTF-8"?>
<!-- Generated by org.testng.reporters.JUnitXMLReporter -->
<testsuite ignored="0" hostname="DESKTOP-HDN1OK0" failures="1" tests="5" name="edubridge" time="0.165" errors="0" timestamp="2023-01-09T12:12:37 IST">
  <testcase classname="failtestcases.failTestCaseScriptExample" name="testCase1" time="0.016"/>
  <testcase classname="failtestcases.failTestCaseScriptExample" name="testCase2" time="0.001"/>
  <testcase classname="failtestcases.failTestCaseScriptExample" name="testCase3" time="0.0"/>
  <testcase classname="failtestcases.failTestCaseScriptExample" name="testCase4" time="0.026">
    <failure type="java.lang.AssertionError" message="expected [true] but found [false]">
      <![CDATA[java.lang.AssertionError: expected [true] but found [false]
at failtestcases.failTestCaseScriptExample.testCase4(failTestCaseScriptExample.java:22)
at java.base/java.util.ArrayList.forEach(ArrayList.java:1541)
... Removed 30 stack frames]]>
    </failure>
  </testcase> <!-- testCase4 -->
  <testcase classname="failtestcases.failTestCaseScriptExample" name="testCase5" time="0.001"/>
</testsuite> <!-- edubridge -->
